0 info it worked if it ends with ok
1 verbose cli [ 'C:\\Program Files\\nodejs\\node.exe',
1 verbose cli   'C:\\Program Files\\nodejs\\node_modules\\npm\\bin\\npm-cli.js',
1 verbose cli   'run',
1 verbose cli   'test' ]
2 info using npm@3.8.9
3 info using node@v6.2.0
4 verbose run-script [ 'pretest', 'test', 'posttest' ]
5 info lifecycle vuue@1.0.0~pretest: vuue@1.0.0
6 silly lifecycle vuue@1.0.0~pretest: no script for pretest, continuing
7 info lifecycle vuue@1.0.0~test: vuue@1.0.0
8 verbose lifecycle vuue@1.0.0~test: unsafe-perm in lifecycle true
9 verbose lifecycle vuue@1.0.0~test: PATH: C:\Users\caoyi\AppData\Roaming\nvm\v6.2.0\node_modules\npm\bin\node-gyp-bin;E:\demo2\vuue\node_modules\.bin;C:\Program Files\nodejs;C:\Program Files (x86)\Common Files\NetSarang;C:\ProgramData\Oracle\Java\javapath;C:\windows\system32;C:\windows;C:\windows\System32\Wbem;C:\windows\System32\WindowsPowerShell\v1.0\;C:\Program Files\TortoiseSVN\bin;C:\Program Files (x86)\IDM Computer Solutions\UltraEdit;%JAVA_HOME%\bin;%JAVA_HOME%\jre\bin;C:\Program Files\SlikSvn\bin;D:\MongoDB\bin;C:\Python27;C:\Python27\Scripts;C:\Program Files\Microsoft SQL Server\110\Tools\Binn\;C:\Program Files (x86)\Microsoft SDKs\TypeScript\1.0\;C:\Program Files\Microsoft SQL Server\120\Tools\Binn\;C:\Program Files\nodejs;%NVM_HOME%;%NVM_SYMLINK%;C:\Program Files (x86)\Gow\bin;D:\Ruby23-x64\bin;C:\Program Files (x86)\Java\jdk1.8.0_101\bin;C:\Program Files (x86)\Java\jdk1.8.0_101\jre\bin;C:\Users\caoyi\AppData\Roaming\npm;D:\MongoDB\bin;C:\Users\caoyi\AppData\Roaming\nvm;C:\Program Files\nodejs
10 verbose lifecycle vuue@1.0.0~test: CWD: E:\demo2\vuue
11 silly lifecycle vuue@1.0.0~test: Args: [ '/d /s /c',
11 silly lifecycle   'mocha --compilers js:babel-core/register -recursive' ]
12 silly lifecycle vuue@1.0.0~test: Returned: code: 1  signal: null
13 info lifecycle vuue@1.0.0~test: Failed to exec test script
14 verbose stack Error: vuue@1.0.0 test: `mocha --compilers js:babel-core/register -recursive`
14 verbose stack Exit status 1
14 verbose stack     at EventEmitter.<anonymous> (C:\Users\caoyi\AppData\Roaming\nvm\v6.2.0\node_modules\npm\lib\utils\lifecycle.js:245:16)
14 verbose stack     at emitTwo (events.js:106:13)
14 verbose stack     at EventEmitter.emit (events.js:191:7)
14 verbose stack     at ChildProcess.<anonymous> (C:\Users\caoyi\AppData\Roaming\nvm\v6.2.0\node_modules\npm\lib\utils\spawn.js:24:14)
14 verbose stack     at emitTwo (events.js:106:13)
14 verbose stack     at ChildProcess.emit (events.js:191:7)
14 verbose stack     at maybeClose (internal/child_process.js:850:16)
14 verbose stack     at Process.ChildProcess._handle.onexit (internal/child_process.js:215:5)
15 verbose pkgid vuue@1.0.0
16 verbose cwd E:\demo2\vuue
17 error Windows_NT 6.1.7601
18 error argv "C:\\Program Files\\nodejs\\node.exe" "C:\\Program Files\\nodejs\\node_modules\\npm\\bin\\npm-cli.js" "run" "test"
19 error node v6.2.0
20 error npm  v3.8.9
21 error code ELIFECYCLE
22 error vuue@1.0.0 test: `mocha --compilers js:babel-core/register -recursive`
22 error Exit status 1
23 error Failed at the vuue@1.0.0 test script 'mocha --compilers js:babel-core/register -recursive'.
23 error Make sure you have the latest version of node.js and npm installed.
23 error If you do, this is most likely a problem with the vuue package,
23 error not with npm itself.
23 error Tell the author that this fails on your system:
23 error     mocha --compilers js:babel-core/register -recursive
23 error You can get information on how to open an issue for this project with:
23 error     npm bugs vuue
23 error Or if that isn't available, you can get their info via:
23 error     npm owner ls vuue
23 error There is likely additional logging output above.
24 verbose exit [ 1, true ]
